# JRE version: OpenJDK Runtime Environment (8.0_76-b03) (build 1.8.0_76-release-b03)
# Java VM: OpenJDK 64-Bit Server VM (25.76-b03 mixed mode windows-amd64 compressed oops)
Heap:
 PSYoungGen      total 267264K, used 111305K [0x00000000e0000000, 0x00000000f4600000, 0x0000000100000000)
  eden space 240640K, 35% used [0x00000000e0000000,0x00000000e52ba3a8,0x00000000eeb00000)
  from space 26624K, 99% used [0x00000000f0f80000,0x00000000f2978090,0x00000000f2980000)
  to   space 37376K, 0% used [0x00000000eeb00000,0x00000000eeb00000,0x00000000f0f80000)
 ParOldGen       total 104448K, used 60111K [0x00000000a0000000, 0x00000000a6600000, 0x00000000e0000000)
  object space 104448K, 57% used [0x00000000a0000000,0x00000000a3ab3d50,0x00000000a6600000)
 Metaspace       used 72169K, capacity 74322K, committed 74536K, reserved 1114112K
  class space    used 8997K, capacity 9395K, committed 9520K, reserved 1048576K
GC Heap History (10 events):
Event: 152.247 GC heap before
{Heap before GC invocations=15 (full 3):
 PSYoungGen      total 179712K, used 179558K [0x00000000e0000000, 0x00000000ef580000, 0x0000000100000000)
  eden space 166912K, 100% used [0x00000000e0000000,0x00000000ea300000,0x00000000ea300000)
  from space 12800K, 98% used [0x00000000edf00000,0x00000000eeb59a98,0x00000000eeb80000)
  to   space 10240K, 0% used [0x00000000eeb80000,0x00000000eeb80000,0x00000000ef580000)
 ParOldGen       total 104448K, used 25693K [0x00000000a0000000, 0x00000000a6600000, 0x00000000e0000000)
  object space 104448K, 24% used [0x00000000a0000000,0x00000000a1917770,0x00000000a6600000)
 Metaspace       used 59773K, capacity 61660K, committed 61736K, reserved 1103872K
  class space    used 7638K, capacity 7964K, committed 7984K, reserved 1048576K
Event: 152.269 GC heap after
Heap after GC invocations=15 (full 3):
 PSYoungGen      total 172032K, used 10224K [0x00000000e0000000, 0x00000000ef580000, 0x0000000100000000)
  eden space 161792K, 0% used [0x00000000e0000000,0x00000000e0000000,0x00000000e9e00000)
  from space 10240K, 99% used [0x00000000eeb80000,0x00000000ef57c010,0x00000000ef580000)
  to   space 21504K, 0% used [0x00000000ecb80000,0x00000000ecb80000,0x00000000ee080000)
 ParOldGen       total 104448K, used 39117K [0x00000000a0000000, 0x00000000a6600000, 0x00000000e0000000)
  object space 104448K, 37% used [0x00000000a0000000,0x00000000a26336b8,0x00000000a6600000)
 Metaspace       used 59773K, capacity 61660K, committed 61736K, reserved 1103872K
  class space    used 7638K, capacity 7964K, committed 7984K, reserved 1048576K
}
Event: 154.736 GC heap before
{Heap before GC invocations=16 (full 3):
 PSYoungGen      total 172032K, used 172016K [0x00000000e0000000, 0x00000000ef580000, 0x0000000100000000)
  eden space 161792K, 100% used [0x00000000e0000000,0x00000000e9e00000,0x00000000e9e00000)
  from space 10240K, 99% used [0x00000000eeb80000,0x00000000ef57c010,0x00000000ef580000)
  to   space 21504K, 0% used [0x00000000ecb80000,0x00000000ecb80000,0x00000000ee080000)
 ParOldGen       total 104448K, used 39117K [0x00000000a0000000, 0x00000000a6600000, 0x00000000e0000000)
  object space 104448K, 37% used [0x00000000a0000000,0x00000000a26336b8,0x00000000a6600000)
 Metaspace       used 66665K, capacity 68624K, committed 68648K, reserved 1110016K
  class space    used 8431K, capacity 8744K, committed 8752K, reserved 1048576K
Event: 154.752 GC heap after
Heap after GC invocations=16 (full 3):
 PSYoungGen      total 175616K, used 18740K [0x00000000e0000000, 0x00000000eec00000, 0x0000000100000000)
  eden space 156672K, 0% used [0x00000000e0000000,0x00000000e0000000,0x00000000e9900000)
  from space 18944K, 98% used [0x00000000ecb80000,0x00000000eddcd218,0x00000000ede00000)
  to   space 14336K, 0% used [0x00000000ede00000,0x00000000ede00000,0x00000000eec00000)
 ParOldGen       total 104448K, used 39125K [0x00000000a0000000, 0x00000000a6600000, 0x00000000e0000000)
  object space 104448K, 37% used [0x00000000a0000000,0x00000000a26356b8,0x00000000a6600000)
 Metaspace       used 66665K, capacity 68624K, committed 68648K, reserved 1110016K
  class space    used 8431K, capacity 8744K, committed 8752K, reserved 1048576K
}
Event: 155.069 GC heap before
{Heap before GC invocations=17 (full 3):
 PSYoungGen      total 175616K, used 174473K [0x00000000e0000000, 0x00000000eec00000, 0x0000000100000000)
  eden space 156672K, 99% used [0x00000000e0000000,0x00000000e98155d0,0x00000000e9900000)
  from space 18944K, 98% used [0x00000000ecb80000,0x00000000eddcd218,0x00000000ede00000)
  to   space 14336K, 0% used [0x00000000ede00000,0x00000000ede00000,0x00000000eec00000)
 ParOldGen       total 104448K, used 39125K [0x00000000a0000000, 0x00000000a6600000, 0x00000000e0000000)
  object space 104448K, 37% used [0x00000000a0000000,0x00000000a26356b8,0x00000000a6600000)
 Metaspace       used 67531K, capacity 69662K, committed 69928K, reserved 1110016K
  class space    used 8555K, capacity 8941K, committed 9008K, reserved 1048576K
Event: 155.081 GC heap after
Heap after GC invocations=17 (full 3):
 PSYoungGen      total 212992K, used 14322K [0x00000000e0000000, 0x00000000ef200000, 0x0000000100000000)
  eden space 198656K, 0% used [0x00000000e0000000,0x00000000e0000000,0x00000000ec200000)
  from space 14336K, 99% used [0x00000000ede00000,0x00000000eebfc958,0x00000000eec00000)
  to   space 24576K, 0% used [0x00000000ec200000,0x00000000ec200000,0x00000000eda00000)
 ParOldGen       total 104448K, used 41830K [0x00000000a0000000, 0x00000000a6600000, 0x00000000e0000000)
  object space 104448K, 40% used [0x00000000a0000000,0x00000000a28d9978,0x00000000a6600000)
 Metaspace       used 67531K, capacity 69662K, committed 69928K, reserved 1110016K
  class space    used 8555K, capacity 8941K, committed 9008K, reserved 1048576K
}
Event: 156.432 GC heap before
{Heap before GC invocations=18 (full 3):
 PSYoungGen      total 212992K, used 212978K [0x00000000e0000000, 0x00000000ef200000, 0x0000000100000000)
  eden space 198656K, 100% used [0x00000000e0000000,0x00000000ec200000,0x00000000ec200000)
  from space 14336K, 99% used [0x00000000ede00000,0x00000000eebfc958,0x00000000eec00000)
  to   space 24576K, 0% used [0x00000000ec200000,0x00000000ec200000,0x00000000eda00000)
 ParOldGen       total 104448K, used 41830K [0x00000000a0000000, 0x00000000a6600000, 0x00000000e0000000)
  object space 104448K, 40% used [0x00000000a0000000,0x00000000a28d9978,0x00000000a6600000)
 Metaspace       used 71160K, capacity 73424K, committed 73768K, reserved 1114112K
  class space    used 8971K, capacity 9394K, committed 9520K, reserved 1048576K
Event: 156.450 GC heap after
Heap after GC invocations=18 (full 3):
 PSYoungGen      total 223232K, used 21275K [0x00000000e0000000, 0x00000000f2980000, 0x0000000100000000)
  eden space 198656K, 0% used [0x00000000e0000000,0x00000000e0000000,0x00000000ec200000)
  from space 24576K, 86% used [0x00000000ec200000,0x00000000ed6c6da0,0x00000000eda00000)
  to   space 26624K, 0% used [0x00000000f0f80000,0x00000000f0f80000,0x00000000f2980000)
 ParOldGen       total 104448K, used 41838K [0x00000000a0000000, 0x00000000a6600000, 0x00000000e0000000)
  object space 104448K, 40% used [0x00000000a0000000,0x00000000a28db978,0x00000000a6600000)
 Metaspace       used 71160K, capacity 73424K, committed 73768K, reserved 1114112K
  class space    used 8971K, capacity 9394K, committed 9520K, reserved 1048576K
}
Event: 157.817 GC heap before
{Heap before GC invocations=19 (full 3):
 PSYoungGen      total 223232K, used 219931K [0x00000000e0000000, 0x00000000f2980000, 0x0000000100000000)
  eden space 198656K, 100% used [0x00000000e0000000,0x00000000ec200000,0x00000000ec200000)
  from space 24576K, 86% used [0x00000000ec200000,0x00000000ed6c6da0,0x00000000eda00000)
  to   space 26624K, 0% used [0x00000000f0f80000,0x00000000f0f80000,0x00000000f2980000)
 ParOldGen       total 104448K, used 41838K [0x00000000a0000000, 0x00000000a6600000, 0x00000000e0000000)
  object space 104448K, 40% used [0x00000000a0000000,0x00000000a28db978,0x00000000a6600000)
 Metaspace       used 72091K, capacity 74258K, committed 74536K, reserved 1114112K
  class space    used 8994K, capacity 9395K, committed 9520K, reserved 1048576K
Event: 157.857 GC heap after
Heap after GC invocations=19 (full 3):
 PSYoungGen      total 267264K, used 26592K [0x00000000e0000000, 0x00000000f4600000, 0x0000000100000000)
  eden space 240640K, 0% used [0x00000000e0000000,0x00000000e0000000,0x00000000eeb00000)
  from space 26624K, 99% used [0x00000000f0f80000,0x00000000f2978090,0x00000000f2980000)
  to   space 37376K, 0% used [0x00000000eeb00000,0x00000000eeb00000,0x00000000f0f80000)
 ParOldGen       total 104448K, used 60111K [0x00000000a0000000, 0x00000000a6600000, 0x00000000e0000000)
  object space 104448K, 57% used [0x00000000a0000000,0x00000000a3ab3d50,0x00000000a6600000)
 Metaspace       used 72091K, capacity 74258K, committed 74536K, reserved 1114112K
  class space    used 8994K, capacity 9395K, committed 9520K, reserved 1048576K
}

