# JRE version: OpenJDK Runtime Environment (8.0_76-b03) (build 1.8.0_76-release-b03)
# Java VM: OpenJDK 64-Bit Server VM (25.76-b03 mixed mode windows-amd64 compressed oops)
Heap:
 PSYoungGen      total 177664K, used 18926K [0x00000000e0000000, 0x00000000ef200000, 0x0000000100000000)
  eden space 158720K, 0% used [0x00000000e0000000,0x00000000e0000000,0x00000000e9b00000)
  from space 18944K, 99% used [0x00000000e9b00000,0x00000000ead7bab0,0x00000000ead80000)
  to   space 24576K, 0% used [0x00000000eda00000,0x00000000eda00000,0x00000000ef200000)
 ParOldGen       total 98304K, used 34935K [0x00000000a0000000, 0x00000000a6000000, 0x00000000e0000000)
  object space 98304K, 35% used [0x00000000a0000000,0x00000000a221deb8,0x00000000a6000000)
 Metaspace       used 57621K, capacity 59070K, committed 59160K, reserved 1099776K
  class space    used 7589K, capacity 7957K, committed 7984K, reserved 1048576K
GC Heap History (10 events):
Event: 4.096 GC heap after
Heap after GC invocations=9 (full 1):
 PSYoungGen      total 140800K, used 8456K [0x00000000e0000000, 0x00000000ea200000, 0x0000000100000000)
  eden space 129024K, 0% used [0x00000000e0000000,0x00000000e0000000,0x00000000e7e00000)
  from space 11776K, 71% used [0x00000000e8980000,0x00000000e91c2110,0x00000000e9500000)
  to   space 11776K, 0% used [0x00000000e7e00000,0x00000000e7e00000,0x00000000e8980000)
 ParOldGen       total 67584K, used 13014K [0x00000000a0000000, 0x00000000a4200000, 0x00000000e0000000)
  object space 67584K, 19% used [0x00000000a0000000,0x00000000a0cb5878,0x00000000a4200000)
 Metaspace       used 34661K, capacity 35166K, committed 35496K, reserved 1079296K
  class space    used 4632K, capacity 4804K, committed 4912K, reserved 1048576K
}
Event: 4.096 GC heap before
{Heap before GC invocations=10 (full 2):
 PSYoungGen      total 140800K, used 8456K [0x00000000e0000000, 0x00000000ea200000, 0x0000000100000000)
  eden space 129024K, 0% used [0x00000000e0000000,0x00000000e0000000,0x00000000e7e00000)
  from space 11776K, 71% used [0x00000000e8980000,0x00000000e91c2110,0x00000000e9500000)
  to   space 11776K, 0% used [0x00000000e7e00000,0x00000000e7e00000,0x00000000e8980000)
 ParOldGen       total 67584K, used 13014K [0x00000000a0000000, 0x00000000a4200000, 0x00000000e0000000)
  object space 67584K, 19% used [0x00000000a0000000,0x00000000a0cb5878,0x00000000a4200000)
 Metaspace       used 34661K, capacity 35166K, committed 35496K, reserved 1079296K
  class space    used 4632K, capacity 4804K, committed 4912K, reserved 1048576K
Event: 4.158 GC heap after
Heap after GC invocations=10 (full 2):
 PSYoungGen      total 140800K, used 0K [0x00000000e0000000, 0x00000000ea200000, 0x0000000100000000)
  eden space 129024K, 0% used [0x00000000e0000000,0x00000000e0000000,0x00000000e7e00000)
  from space 11776K, 0% used [0x00000000e8980000,0x00000000e8980000,0x00000000e9500000)
  to   space 11776K, 0% used [0x00000000e7e00000,0x00000000e7e00000,0x00000000e8980000)
 ParOldGen       total 98304K, used 15184K [0x00000000a0000000, 0x00000000a6000000, 0x00000000e0000000)
  object space 98304K, 15% used [0x00000000a0000000,0x00000000a0ed4200,0x00000000a6000000)
 Metaspace       used 34661K, capacity 35166K, committed 35496K, reserved 1079296K
  class space    used 4632K, capacity 4804K, committed 4912K, reserved 1048576K
}
Event: 5.752 GC heap before
{Heap before GC invocations=11 (full 2):
 PSYoungGen      total 140800K, used 129024K [0x00000000e0000000, 0x00000000ea200000, 0x0000000100000000)
  eden space 129024K, 100% used [0x00000000e0000000,0x00000000e7e00000,0x00000000e7e00000)
  from space 11776K, 0% used [0x00000000e8980000,0x00000000e8980000,0x00000000e9500000)
  to   space 11776K, 0% used [0x00000000e7e00000,0x00000000e7e00000,0x00000000e8980000)
 ParOldGen       total 98304K, used 15184K [0x00000000a0000000, 0x00000000a6000000, 0x00000000e0000000)
  object space 98304K, 15% used [0x00000000a0000000,0x00000000a0ed4200,0x00000000a6000000)
 Metaspace       used 43642K, capacity 44566K, committed 44720K, reserved 1087488K
  class space    used 5849K, capacity 6045K, committed 6064K, reserved 1048576K
Event: 5.764 GC heap after
Heap after GC invocations=11 (full 2):
 PSYoungGen      total 140800K, used 11747K [0x00000000e0000000, 0x00000000eba80000, 0x0000000100000000)
  eden space 129024K, 0% used [0x00000000e0000000,0x00000000e0000000,0x00000000e7e00000)
  from space 11776K, 99% used [0x00000000e7e00000,0x00000000e8978c40,0x00000000e8980000)
  to   space 13312K, 0% used [0x00000000ead80000,0x00000000ead80000,0x00000000eba80000)
 ParOldGen       total 98304K, used 15891K [0x00000000a0000000, 0x00000000a6000000, 0x00000000e0000000)
  object space 98304K, 16% used [0x00000000a0000000,0x00000000a0f84df0,0x00000000a6000000)
 Metaspace       used 43642K, capacity 44566K, committed 44720K, reserved 1087488K
  class space    used 5849K, capacity 6045K, committed 6064K, reserved 1048576K
}
Event: 7.269 GC heap before
{Heap before GC invocations=12 (full 2):
 PSYoungGen      total 140800K, used 140771K [0x00000000e0000000, 0x00000000eba80000, 0x0000000100000000)
  eden space 129024K, 100% used [0x00000000e0000000,0x00000000e7e00000,0x00000000e7e00000)
  from space 11776K, 99% used [0x00000000e7e00000,0x00000000e8978c40,0x00000000e8980000)
  to   space 13312K, 0% used [0x00000000ead80000,0x00000000ead80000,0x00000000eba80000)
 ParOldGen       total 98304K, used 15891K [0x00000000a0000000, 0x00000000a6000000, 0x00000000e0000000)
  object space 98304K, 16% used [0x00000000a0000000,0x00000000a0f84df0,0x00000000a6000000)
 Metaspace       used 52978K, capacity 54284K, committed 54576K, reserved 1095680K
  class space    used 7105K, capacity 7428K, committed 7472K, reserved 1048576K
Event: 7.284 GC heap after
Heap after GC invocations=12 (full 2):
 PSYoungGen      total 172032K, used 13296K [0x00000000e0000000, 0x00000000ec300000, 0x0000000100000000)
  eden space 158720K, 0% used [0x00000000e0000000,0x00000000e0000000,0x00000000e9b00000)
  from space 13312K, 99% used [0x00000000ead80000,0x00000000eba7c010,0x00000000eba80000)
  to   space 18944K, 0% used [0x00000000e9b00000,0x00000000e9b00000,0x00000000ead80000)
 ParOldGen       total 98304K, used 26932K [0x00000000a0000000, 0x00000000a6000000, 0x00000000e0000000)
  object space 98304K, 27% used [0x00000000a0000000,0x00000000a1a4d2b0,0x00000000a6000000)
 Metaspace       used 52978K, capacity 54284K, committed 54576K, reserved 1095680K
  class space    used 7105K, capacity 7428K, committed 7472K, reserved 1048576K
}
Event: 8.282 GC heap before
{Heap before GC invocations=13 (full 2):
 PSYoungGen      total 172032K, used 100100K [0x00000000e0000000, 0x00000000ec300000, 0x0000000100000000)
  eden space 158720K, 54% used [0x00000000e0000000,0x00000000e54c5290,0x00000000e9b00000)
  from space 13312K, 99% used [0x00000000ead80000,0x00000000eba7c010,0x00000000eba80000)
  to   space 18944K, 0% used [0x00000000e9b00000,0x00000000e9b00000,0x00000000ead80000)
 ParOldGen       total 98304K, used 26932K [0x00000000a0000000, 0x00000000a6000000, 0x00000000e0000000)
  object space 98304K, 27% used [0x00000000a0000000,0x00000000a1a4d2b0,0x00000000a6000000)
 Metaspace       used 57621K, capacity 59070K, committed 59160K, reserved 1099776K
  class space    used 7589K, capacity 7957K, committed 7984K, reserved 1048576K
Event: 8.298 GC heap after
Heap after GC invocations=13 (full 2):
 PSYoungGen      total 177664K, used 18926K [0x00000000e0000000, 0x00000000ef200000, 0x0000000100000000)
  eden space 158720K, 0% used [0x00000000e0000000,0x00000000e0000000,0x00000000e9b00000)
  from space 18944K, 99% used [0x00000000e9b00000,0x00000000ead7bab0,0x00000000ead80000)
  to   space 24576K, 0% used [0x00000000eda00000,0x00000000eda00000,0x00000000ef200000)
 ParOldGen       total 98304K, used 34935K [0x00000000a0000000, 0x00000000a6000000, 0x00000000e0000000)
  object space 98304K, 35% used [0x00000000a0000000,0x00000000a221deb8,0x00000000a6000000)
 Metaspace       used 57621K, capacity 59070K, committed 59160K, reserved 1099776K
  class space    used 7589K, capacity 7957K, committed 7984K, reserved 1048576K
}
Event: 8.298 GC heap before
{Heap before GC invocations=14 (full 3):
 PSYoungGen      total 177664K, used 18926K [0x00000000e0000000, 0x00000000ef200000, 0x0000000100000000)
  eden space 158720K, 0% used [0x00000000e0000000,0x00000000e0000000,0x00000000e9b00000)
  from space 18944K, 99% used [0x00000000e9b00000,0x00000000ead7bab0,0x00000000ead80000)
  to   space 24576K, 0% used [0x00000000eda00000,0x00000000eda00000,0x00000000ef200000)
 ParOldGen       total 98304K, used 34935K [0x00000000a0000000, 0x00000000a6000000, 0x00000000e0000000)
  object space 98304K, 35% used [0x00000000a0000000,0x00000000a221deb8,0x00000000a6000000)
 Metaspace       used 57621K, capacity 59070K, committed 59160K, reserved 1099776K
  class space    used 7589K, capacity 7957K, committed 7984K, reserved 1048576K

