# JRE version: OpenJDK Runtime Environment (8.0_76-b03) (build 1.8.0_76-release-b03)
# Java VM: OpenJDK 64-Bit Server VM (25.76-b03 mixed mode windows-amd64 compressed oops)
Heap:
 PSYoungGen      total 340992K, used 246312K [0x00000000e0000000, 0x00000000f7280000, 0x0000000100000000)
  eden space 333824K, 71% used [0x00000000e0000000,0x00000000ee9e68b8,0x00000000f4600000)
  from space 7168K, 94% used [0x00000000f5700000,0x00000000f5da37b8,0x00000000f5e00000)
  to   space 15360K, 0% used [0x00000000f6380000,0x00000000f6380000,0x00000000f7280000)
 ParOldGen       total 101888K, used 43245K [0x00000000a0000000, 0x00000000a6380000, 0x00000000e0000000)
  object space 101888K, 42% used [0x00000000a0000000,0x00000000a2a3b700,0x00000000a6380000)
 Metaspace       used 79298K, capacity 86288K, committed 89392K, reserved 1126400K
  class space    used 9912K, capacity 10547K, committed 11568K, reserved 1048576K
GC Heap History (10 events):
Event: 7067.904 GC heap before
{Heap before GC invocations=84 (full 26):
 PSYoungGen      total 373760K, used 2160K [0x00000000e0000000, 0x00000000f8480000, 0x0000000100000000)
  eden space 361984K, 0% used [0x00000000e0000000,0x00000000e0000000,0x00000000f6180000)
  from space 11776K, 18% used [0x00000000f7900000,0x00000000f7b1c010,0x00000000f8480000)
  to   space 17920K, 0% used [0x00000000f6180000,0x00000000f6180000,0x00000000f7300000)
 ParOldGen       total 101888K, used 43910K [0x00000000a0000000, 0x00000000a6380000, 0x00000000e0000000)
  object space 101888K, 43% used [0x00000000a0000000,0x00000000a2ae1898,0x00000000a6380000)
 Metaspace       used 79864K, capacity 87270K, committed 89392K, reserved 1126400K
  class space    used 10064K, capacity 10719K, committed 11568K, reserved 1048576K
Event: 7068.182 GC heap after
Heap after GC invocations=84 (full 26):
 PSYoungGen      total 373760K, used 0K [0x00000000e0000000, 0x00000000f8480000, 0x0000000100000000)
  eden space 361984K, 0% used [0x00000000e0000000,0x00000000e0000000,0x00000000f6180000)
  from space 11776K, 0% used [0x00000000f7900000,0x00000000f7900000,0x00000000f8480000)
  to   space 17920K, 0% used [0x00000000f6180000,0x00000000f6180000,0x00000000f7300000)
 ParOldGen       total 101888K, used 41850K [0x00000000a0000000, 0x00000000a6380000, 0x00000000e0000000)
  object space 101888K, 41% used [0x00000000a0000000,0x00000000a28deb40,0x00000000a6380000)
 Metaspace       used 78438K, capacity 85080K, committed 89392K, reserved 1126400K
  class space    used 9790K, capacity 10376K, committed 11568K, reserved 1048576K
}
Event: 7192.485 GC heap before
{Heap before GC invocations=85 (full 26):
 PSYoungGen      total 373760K, used 316343K [0x00000000e0000000, 0x00000000f8480000, 0x0000000100000000)
  eden space 361984K, 87% used [0x00000000e0000000,0x00000000f34edcb8,0x00000000f6180000)
  from space 11776K, 0% used [0x00000000f7900000,0x00000000f7900000,0x00000000f8480000)
  to   space 17920K, 0% used [0x00000000f6180000,0x00000000f6180000,0x00000000f7300000)
 ParOldGen       total 101888K, used 41850K [0x00000000a0000000, 0x00000000a6380000, 0x00000000e0000000)
  object space 101888K, 41% used [0x00000000a0000000,0x00000000a28deb40,0x00000000a6380000)
 Metaspace       used 78678K, capacity 85440K, committed 89392K, reserved 1126400K
  class space    used 9818K, capacity 10420K, committed 11568K, reserved 1048576K
Event: 7192.491 GC heap after
Heap after GC invocations=85 (full 26):
 PSYoungGen      total 365568K, used 3392K [0x00000000e0000000, 0x00000000f8280000, 0x0000000100000000)
  eden space 361984K, 0% used [0x00000000e0000000,0x00000000e0000000,0x00000000f6180000)
  from space 3584K, 94% used [0x00000000f6180000,0x00000000f64d0020,0x00000000f6500000)
  to   space 16896K, 0% used [0x00000000f7200000,0x00000000f7200000,0x00000000f8280000)
 ParOldGen       total 101888K, used 41858K [0x00000000a0000000, 0x00000000a6380000, 0x00000000e0000000)
  object space 101888K, 41% used [0x00000000a0000000,0x00000000a28e0b40,0x00000000a6380000)
 Metaspace       used 78678K, capacity 85440K, committed 89392K, reserved 1126400K
  class space    used 9818K, capacity 10420K, committed 11568K, reserved 1048576K
}
Event: 7192.491 GC heap before
{Heap before GC invocations=86 (full 27):
 PSYoungGen      total 365568K, used 3392K [0x00000000e0000000, 0x00000000f8280000, 0x0000000100000000)
  eden space 361984K, 0% used [0x00000000e0000000,0x00000000e0000000,0x00000000f6180000)
  from space 3584K, 94% used [0x00000000f6180000,0x00000000f64d0020,0x00000000f6500000)
  to   space 16896K, 0% used [0x00000000f7200000,0x00000000f7200000,0x00000000f8280000)
 ParOldGen       total 101888K, used 41858K [0x00000000a0000000, 0x00000000a6380000, 0x00000000e0000000)
  object space 101888K, 41% used [0x00000000a0000000,0x00000000a28e0b40,0x00000000a6380000)
 Metaspace       used 78678K, capacity 85440K, committed 89392K, reserved 1126400K
  class space    used 9818K, capacity 10420K, committed 11568K, reserved 1048576K
Event: 7192.725 GC heap after
Heap after GC invocations=86 (full 27):
 PSYoungGen      total 365568K, used 0K [0x00000000e0000000, 0x00000000f8280000, 0x0000000100000000)
  eden space 361984K, 0% used [0x00000000e0000000,0x00000000e0000000,0x00000000f6180000)
  from space 3584K, 0% used [0x00000000f6180000,0x00000000f6180000,0x00000000f6500000)
  to   space 16896K, 0% used [0x00000000f7200000,0x00000000f7200000,0x00000000f8280000)
 ParOldGen       total 101888K, used 43237K [0x00000000a0000000, 0x00000000a6380000, 0x00000000e0000000)
  object space 101888K, 42% used [0x00000000a0000000,0x00000000a2a39700,0x00000000a6380000)
 Metaspace       used 78678K, capacity 85440K, committed 89392K, reserved 1126400K
  class space    used 9818K, capacity 10420K, committed 11568K, reserved 1048576K
}
Event: 7305.184 GC heap before
{Heap before GC invocations=87 (full 27):
 PSYoungGen      total 365568K, used 361984K [0x00000000e0000000, 0x00000000f8280000, 0x0000000100000000)
  eden space 361984K, 100% used [0x00000000e0000000,0x00000000f6180000,0x00000000f6180000)
  from space 3584K, 0% used [0x00000000f6180000,0x00000000f6180000,0x00000000f6500000)
  to   space 16896K, 0% used [0x00000000f7200000,0x00000000f7200000,0x00000000f8280000)
 ParOldGen       total 101888K, used 43237K [0x00000000a0000000, 0x00000000a6380000, 0x00000000e0000000)
  object space 101888K, 42% used [0x00000000a0000000,0x00000000a2a39700,0x00000000a6380000)
 Metaspace       used 78785K, capacity 85638K, committed 89392K, reserved 1126400K
  class space    used 9835K, capacity 10440K, committed 11568K, reserved 1048576K
Event: 7305.192 GC heap after
Heap after GC invocations=87 (full 27):
 PSYoungGen      total 351744K, used 4032K [0x00000000e0000000, 0x00000000f7600000, 0x0000000100000000)
  eden space 347648K, 0% used [0x00000000e0000000,0x00000000e0000000,0x00000000f5380000)
  from space 4096K, 98% used [0x00000000f7200000,0x00000000f75f0000,0x00000000f7600000)
  to   space 15872K, 0% used [0x00000000f5700000,0x00000000f5700000,0x00000000f6680000)
 ParOldGen       total 101888K, used 43237K [0x00000000a0000000, 0x00000000a6380000, 0x00000000e0000000)
  object space 101888K, 42% used [0x00000000a0000000,0x00000000a2a39700,0x00000000a6380000)
 Metaspace       used 78785K, capacity 85638K, committed 89392K, reserved 1126400K
  class space    used 9835K, capacity 10440K, committed 11568K, reserved 1048576K
}
Event: 7361.397 GC heap before
{Heap before GC invocations=88 (full 27):
 PSYoungGen      total 351744K, used 351373K [0x00000000e0000000, 0x00000000f7600000, 0x0000000100000000)
  eden space 347648K, 99% used [0x00000000e0000000,0x00000000f5333640,0x00000000f5380000)
  from space 4096K, 98% used [0x00000000f7200000,0x00000000f75f0000,0x00000000f7600000)
  to   space 15872K, 0% used [0x00000000f5700000,0x00000000f5700000,0x00000000f6680000)
 ParOldGen       total 101888K, used 43237K [0x00000000a0000000, 0x00000000a6380000, 0x00000000e0000000)
  object space 101888K, 42% used [0x00000000a0000000,0x00000000a2a39700,0x00000000a6380000)
 Metaspace       used 78974K, capacity 85892K, committed 89392K, reserved 1126400K
  class space    used 9857K, capacity 10475K, committed 11568K, reserved 1048576K
Event: 7361.406 GC heap after
Heap after GC invocations=88 (full 27):
 PSYoungGen      total 340992K, used 6797K [0x00000000e0000000, 0x00000000f7280000, 0x0000000100000000)
  eden space 333824K, 0% used [0x00000000e0000000,0x00000000e0000000,0x00000000f4600000)
  from space 7168K, 94% used [0x00000000f5700000,0x00000000f5da37b8,0x00000000f5e00000)
  to   space 15360K, 0% used [0x00000000f6380000,0x00000000f6380000,0x00000000f7280000)
 ParOldGen       total 101888K, used 43245K [0x00000000a0000000, 0x00000000a6380000, 0x00000000e0000000)
  object space 101888K, 42% used [0x00000000a0000000,0x00000000a2a3b700,0x00000000a6380000)
 Metaspace       used 78974K, capacity 85892K, committed 89392K, reserved 1126400K
  class space    used 9857K, capacity 10475K, committed 11568K, reserved 1048576K
}

