# JRE version: OpenJDK Runtime Environment (8.0_76-b03) (build 1.8.0_76-release-b03)
# Java VM: OpenJDK 64-Bit Server VM (25.76-b03 mixed mode windows-amd64 compressed oops)
Heap:
 PSYoungGen      total 442880K, used 412485K [0x00000000e0000000, 0x0000000100000000, 0x0000000100000000)
  eden space 368128K, 100% used [0x00000000e0000000,0x00000000f6780000,0x00000000f6780000)
  from space 74752K, 59% used [0x00000000fb200000,0x00000000fdd51610,0x00000000ffb00000)
  to   space 76288K, 44% used [0x00000000f6780000,0x00000000f88ca918,0x00000000fb200000)
 ParOldGen       total 229376K, used 125360K [0x00000000a0000000, 0x00000000ae000000, 0x00000000e0000000)
  object space 229376K, 54% used [0x00000000a0000000,0x00000000a7a6c030,0x00000000ae000000)
 Metaspace       used 75756K, capacity 80774K, committed 90024K, reserved 1128448K
  class space    used 9338K, capacity 9859K, committed 11696K, reserved 1048576K
GC Heap History (10 events):
Event: 6721.791 GC heap after
Heap after GC invocations=134 (full 18):
 PSYoungGen      total 442368K, used 1832K [0x00000000e0000000, 0x00000000ffa00000, 0x0000000100000000)
  eden space 365568K, 0% used [0x00000000e0000000,0x00000000e0000000,0x00000000f6500000)
  from space 76800K, 2% used [0x00000000faf00000,0x00000000fb0ca128,0x00000000ffa00000)
  to   space 75776K, 0% used [0x00000000f6500000,0x00000000f6500000,0x00000000faf00000)
 ParOldGen       total 229376K, used 55502K [0x00000000a0000000, 0x00000000ae000000, 0x00000000e0000000)
  object space 229376K, 24% used [0x00000000a0000000,0x00000000a36338a8,0x00000000ae000000)
 Metaspace       used 75077K, capacity 79970K, committed 90024K, reserved 1128448K
  class space    used 9228K, capacity 9749K, committed 11696K, reserved 1048576K
}
Event: 6722.428 GC heap before
{Heap before GC invocations=135 (full 18):
 PSYoungGen      total 442368K, used 367400K [0x00000000e0000000, 0x00000000ffa00000, 0x0000000100000000)
  eden space 365568K, 100% used [0x00000000e0000000,0x00000000f6500000,0x00000000f6500000)
  from space 76800K, 2% used [0x00000000faf00000,0x00000000fb0ca128,0x00000000ffa00000)
  to   space 75776K, 0% used [0x00000000f6500000,0x00000000f6500000,0x00000000faf00000)
 ParOldGen       total 229376K, used 55692K [0x00000000a0000000, 0x00000000ae000000, 0x00000000e0000000)
  object space 229376K, 24% used [0x00000000a0000000,0x00000000a3663308,0x00000000ae000000)
 Metaspace       used 75670K, capacity 80610K, committed 90024K, reserved 1128448K
  class space    used 9329K, capacity 9855K, committed 11696K, reserved 1048576K
Event: 6722.473 GC heap after
Heap after GC invocations=135 (full 18):
 PSYoungGen      total 441344K, used 36132K [0x00000000e0000000, 0x00000000fff00000, 0x0000000100000000)
  eden space 365568K, 0% used [0x00000000e0000000,0x00000000e0000000,0x00000000f6500000)
  from space 75776K, 47% used [0x00000000f6500000,0x00000000f8849088,0x00000000faf00000)
  to   space 75776K, 0% used [0x00000000fb500000,0x00000000fb500000,0x00000000fff00000)
 ParOldGen       total 229376K, used 56652K [0x00000000a0000000, 0x00000000ae000000, 0x00000000e0000000)
  object space 229376K, 24% used [0x00000000a0000000,0x00000000a3753318,0x00000000ae000000)
 Metaspace       used 75670K, capacity 80610K, committed 90024K, reserved 1128448K
  class space    used 9329K, capacity 9855K, committed 11696K, reserved 1048576K
}
Event: 6722.621 GC heap before
{Heap before GC invocations=136 (full 18):
 PSYoungGen      total 441344K, used 401700K [0x00000000e0000000, 0x00000000fff00000, 0x0000000100000000)
  eden space 365568K, 100% used [0x00000000e0000000,0x00000000f6500000,0x00000000f6500000)
  from space 75776K, 47% used [0x00000000f6500000,0x00000000f8849088,0x00000000faf00000)
  to   space 75776K, 0% used [0x00000000fb500000,0x00000000fb500000,0x00000000fff00000)
 ParOldGen       total 229376K, used 56654K [0x00000000a0000000, 0x00000000ae000000, 0x00000000e0000000)
  object space 229376K, 24% used [0x00000000a0000000,0x00000000a3753a68,0x00000000ae000000)
 Metaspace       used 75670K, capacity 80610K, committed 90024K, reserved 1128448K
  class space    used 9329K, capacity 9855K, committed 11696K, reserved 1048576K
Event: 6722.693 GC heap after
Heap after GC invocations=136 (full 18):
 PSYoungGen      total 442368K, used 46869K [0x00000000e0000000, 0x0000000100000000, 0x0000000100000000)
  eden space 366592K, 0% used [0x00000000e0000000,0x00000000e0000000,0x00000000f6600000)
  from space 75776K, 61% used [0x00000000fb500000,0x00000000fe2c56d8,0x00000000fff00000)
  to   space 78848K, 0% used [0x00000000f6600000,0x00000000f6600000,0x00000000fb300000)
 ParOldGen       total 229376K, used 74146K [0x00000000a0000000, 0x00000000ae000000, 0x00000000e0000000)
  object space 229376K, 32% used [0x00000000a0000000,0x00000000a4868af0,0x00000000ae000000)
 Metaspace       used 75670K, capacity 80610K, committed 90024K, reserved 1128448K
  class space    used 9329K, capacity 9855K, committed 11696K, reserved 1048576K
}
Event: 6722.900 GC heap before
{Heap before GC invocations=137 (full 18):
 PSYoungGen      total 442368K, used 413461K [0x00000000e0000000, 0x0000000100000000, 0x0000000100000000)
  eden space 366592K, 100% used [0x00000000e0000000,0x00000000f6600000,0x00000000f6600000)
  from space 75776K, 61% used [0x00000000fb500000,0x00000000fe2c56d8,0x00000000fff00000)
  to   space 78848K, 0% used [0x00000000f6600000,0x00000000f6600000,0x00000000fb300000)
 ParOldGen       total 229376K, used 74146K [0x00000000a0000000, 0x00000000ae000000, 0x00000000e0000000)
  object space 229376K, 32% used [0x00000000a0000000,0x00000000a4868af0,0x00000000ae000000)
 Metaspace       used 75670K, capacity 80610K, committed 90024K, reserved 1128448K
  class space    used 9329K, capacity 9855K, committed 11696K, reserved 1048576K
Event: 6722.943 GC heap after
Heap after GC invocations=137 (full 18):
 PSYoungGen      total 395264K, used 28307K [0x00000000e0000000, 0x00000000ffb00000, 0x0000000100000000)
  eden space 366592K, 0% used [0x00000000e0000000,0x00000000e0000000,0x00000000f6600000)
  from space 28672K, 98% used [0x00000000f6600000,0x00000000f81a4d10,0x00000000f8200000)
  to   space 74752K, 0% used [0x00000000fb200000,0x00000000fb200000,0x00000000ffb00000)
 ParOldGen       total 229376K, used 92121K [0x00000000a0000000, 0x00000000ae000000, 0x00000000e0000000)
  object space 229376K, 40% used [0x00000000a0000000,0x00000000a59f66c8,0x00000000ae000000)
 Metaspace       used 75670K, capacity 80610K, committed 90024K, reserved 1128448K
  class space    used 9329K, capacity 9855K, committed 11696K, reserved 1048576K
}
Event: 6723.168 GC heap before
{Heap before GC invocations=138 (full 18):
 PSYoungGen      total 395264K, used 394899K [0x00000000e0000000, 0x00000000ffb00000, 0x0000000100000000)
  eden space 366592K, 100% used [0x00000000e0000000,0x00000000f6600000,0x00000000f6600000)
  from space 28672K, 98% used [0x00000000f6600000,0x00000000f81a4d10,0x00000000f8200000)
  to   space 74752K, 0% used [0x00000000fb200000,0x00000000fb200000,0x00000000ffb00000)
 ParOldGen       total 229376K, used 92121K [0x00000000a0000000, 0x00000000ae000000, 0x00000000e0000000)
  object space 229376K, 40% used [0x00000000a0000000,0x00000000a59f66c8,0x00000000ae000000)
 Metaspace       used 75671K, capacity 80610K, committed 90024K, reserved 1128448K
  class space    used 9329K, capacity 9855K, committed 11696K, reserved 1048576K
Event: 6723.214 GC heap after
Heap after GC invocations=138 (full 18):
 PSYoungGen      total 442880K, used 44357K [0x00000000e0000000, 0x0000000100000000, 0x0000000100000000)
  eden space 368128K, 0% used [0x00000000e0000000,0x00000000e0000000,0x00000000f6780000)
  from space 74752K, 59% used [0x00000000fb200000,0x00000000fdd51610,0x00000000ffb00000)
  to   space 76288K, 0% used [0x00000000f6780000,0x00000000f6780000,0x00000000fb200000)
 ParOldGen       total 229376K, used 106924K [0x00000000a0000000, 0x00000000ae000000, 0x00000000e0000000)
  object space 229376K, 46% used [0x00000000a0000000,0x00000000a686b098,0x00000000ae000000)
 Metaspace       used 75671K, capacity 80610K, committed 90024K, reserved 1128448K
  class space    used 9329K, capacity 9855K, committed 11696K, reserved 1048576K
}
Event: 6723.447 GC heap before
{Heap before GC invocations=139 (full 18):
 PSYoungGen      total 442880K, used 412485K [0x00000000e0000000, 0x0000000100000000, 0x0000000100000000)
  eden space 368128K, 100% used [0x00000000e0000000,0x00000000f6780000,0x00000000f6780000)
  from space 74752K, 59% used [0x00000000fb200000,0x00000000fdd51610,0x00000000ffb00000)
  to   space 76288K, 0% used [0x00000000f6780000,0x00000000f6780000,0x00000000fb200000)
 ParOldGen       total 229376K, used 106924K [0x00000000a0000000, 0x00000000ae000000, 0x00000000e0000000)
  object space 229376K, 46% used [0x00000000a0000000,0x00000000a686b098,0x00000000ae000000)
 Metaspace       used 75756K, capacity 80774K, committed 90024K, reserved 1128448K
  class space    used 9338K, capacity 9859K, committed 11696K, reserved 1048576K

